IQ-TREE multicore version 2.3.5.cmaple COVID-edition for Linux x86 64-bit built May 27 2024
Developed by Bui Quang Minh, James Barbetti, Nguyen Lam Tung, Olga Chernomor,
Heiko Schmidt, Dominik Schrempf, Michael Woodhams, Ly Trong Nhan, Thomas Wong

Host:    1db17c41e80b (SSE4.2, 71 GB RAM)
Command: iqtree --threads-max 4 -s output/build-lineages/align/B-Victoria_NA_alignment-delim.fasta -m GTR --ninit 2 -n 2 --epsilon 0.05 -T AUTO --redo
Seed:    158560 (Using SPRNG - Scalable Parallel Random Number Generator)
Time:    Thu Dec 19 21:06:50 2024
Kernel:  SSE2 - auto-detect threads (14 CPU cores detected)

Reading alignment file output/build-lineages/align/B-Victoria_NA_alignment-delim.fasta ... Fasta format detected
Reading fasta file: done in 0.00637512 secs using 70.41% CPU
Alignment most likely contains DNA/RNA sequences
Alignment has 102 sequences with 1529 columns, 236 distinct patterns
97 parsimony-informative, 165 singleton sites, 1267 constant sites
                                                                                                                                               Gap/Ambiguity  Composition  p-value
Analyzing sequences: done in 0.000115625 secs using 84.76% CPU
   1  B_DELIM-JDCMOGPFWKGSRGGMSEUN_Peru_DELIM-JDCMOGPFWKGSRGGMSEUN_01237Aaefb_DELIM-JDCMOGPFWKGSRGGMSEUN_2023                                          0.00%    passed     98.94%
   2  B_DELIM-JDCMOGPFWKGSRGGMSEUN_Peru_DELIM-JDCMOGPFWKGSRGGMSEUN_1293_DELIM-JDCMOGPFWKGSRGGMSEUN_2023                                                0.00%    passed     99.58%
   3  B_DELIM-JDCMOGPFWKGSRGGMSEUN_Ecuador_DELIM-JDCMOGPFWKGSRGGMSEUN_5408_DELIM-JDCMOGPFWKGSRGGMSEUN_2023                                             0.00%    passed     97.97%
   4  B_DELIM-JDCMOGPFWKGSRGGMSEUN_Ecuador_DELIM-JDCMOGPFWKGSRGGMSEUN_5450_DELIM-JDCMOGPFWKGSRGGMSEUN_2023                                             0.00%    passed     97.97%
   5  B_DELIM-JDCMOGPFWKGSRGGMSEUN_Austria_DELIM-JDCMOGPFWKGSRGGMSEUN_1359417_DELIM-JDCMOGPFWKGSRGGMSEUN_2021____21_DELIM-JDCMOGPFWKGSRGGMSEUN_224_    0.52%    passed     99.51%
   6  B_DELIM-JDCMOGPFWKGSRGGMSEUN_Tak_DELIM-JDCMOGPFWKGSRGGMSEUN_F2636_DELIM-JDCMOGPFWKGSRGGMSEUN_2024                                                7.91%    passed     96.11%
   7  B_DELIM-JDCMOGPFWKGSRGGMSEUN_Peru_DELIM-JDCMOGPFWKGSRGGMSEUN_LIM-UPCH-4599_DELIM-JDCMOGPFWKGSRGGMSEUN_2024                                       7.91%    passed     96.36%
   8  B_DELIM-JDCMOGPFWKGSRGGMSEUN_Peru_DELIM-JDCMOGPFWKGSRGGMSEUN_LIM-UPCH-4707_DELIM-JDCMOGPFWKGSRGGMSEUN_2024                                       7.91%    passed     96.36%
   9  B_DELIM-JDCMOGPFWKGSRGGMSEUN_Peru_DELIM-JDCMOGPFWKGSRGGMSEUN_LIM-UPCH-4701_DELIM-JDCMOGPFWKGSRGGMSEUN_2024                                       7.91%    passed     96.36%
  10  B_DELIM-JDCMOGPFWKGSRGGMSEUN_Peru_DELIM-JDCMOGPFWKGSRGGMSEUN_LIM-UPCH-4699_DELIM-JDCMOGPFWKGSRGGMSEUN_2024                                       7.91%    passed     96.36%
  11  B_DELIM-JDCMOGPFWKGSRGGMSEUN_Peru_DELIM-JDCMOGPFWKGSRGGMSEUN_LIM-UPCH-4720_DELIM-JDCMOGPFWKGSRGGMSEUN_2024                                       7.91%    passed     96.36%
  12  B_DELIM-JDCMOGPFWKGSRGGMSEUN_Peru_DELIM-JDCMOGPFWKGSRGGMSEUN_LIM-UPCH-4677_DELIM-JDCMOGPFWKGSRGGMSEUN_2024                                       7.91%    passed     96.36%
  13  B_DELIM-JDCMOGPFWKGSRGGMSEUN_Peru_DELIM-JDCMOGPFWKGSRGGMSEUN_LIM-UPCH-4722_DELIM-JDCMOGPFWKGSRGGMSEUN_2024                                       7.91%    passed     97.26%
  14  B_DELIM-JDCMOGPFWKGSRGGMSEUN_Peru_DELIM-JDCMOGPFWKGSRGGMSEUN_LIM-UPCH-4704_DELIM-JDCMOGPFWKGSRGGMSEUN_2024                                       7.91%    passed     97.26%
  15  B_DELIM-JDCMOGPFWKGSRGGMSEUN_Peru_DELIM-JDCMOGPFWKGSRGGMSEUN_LIM-UPCH-4700_DELIM-JDCMOGPFWKGSRGGMSEUN_2024                                       7.91%    passed     97.26%
  16  B_DELIM-JDCMOGPFWKGSRGGMSEUN_Peru_DELIM-JDCMOGPFWKGSRGGMSEUN_LIM-UPCH-4726_DELIM-JDCMOGPFWKGSRGGMSEUN_2024                                       7.91%    passed     97.26%
  17  B_DELIM-JDCMOGPFWKGSRGGMSEUN_Peru_DELIM-JDCMOGPFWKGSRGGMSEUN_LIM-UPCH-4727_DELIM-JDCMOGPFWKGSRGGMSEUN_2024                                       7.91%    passed     97.26%
  18  B_DELIM-JDCMOGPFWKGSRGGMSEUN_Peru_DELIM-JDCMOGPFWKGSRGGMSEUN_LIM-UPCH-4690_DELIM-JDCMOGPFWKGSRGGMSEUN_2024                                       7.91%    passed     97.26%
  19  B_DELIM-JDCMOGPFWKGSRGGMSEUN_Peru_DELIM-JDCMOGPFWKGSRGGMSEUN_LIM-UPCH-4708_DELIM-JDCMOGPFWKGSRGGMSEUN_2024                                       7.91%    passed     96.36%
  20  B_DELIM-JDCMOGPFWKGSRGGMSEUN_Peru_DELIM-JDCMOGPFWKGSRGGMSEUN_LIM-UPCH-4718_DELIM-JDCMOGPFWKGSRGGMSEUN_2024                                       7.98%    passed     97.30%
  21  B_DELIM-JDCMOGPFWKGSRGGMSEUN_Peru_DELIM-JDCMOGPFWKGSRGGMSEUN_LIM-UPCH-4725_DELIM-JDCMOGPFWKGSRGGMSEUN_2024                                       7.91%    passed     97.84%
  22  B_DELIM-JDCMOGPFWKGSRGGMSEUN_Peru_DELIM-JDCMOGPFWKGSRGGMSEUN_LIM-UPCH-4717_DELIM-JDCMOGPFWKGSRGGMSEUN_2024                                       7.91%    passed     97.64%
  23  B_DELIM-JDCMOGPFWKGSRGGMSEUN_Peru_DELIM-JDCMOGPFWKGSRGGMSEUN_LIM-UPCH-4728_DELIM-JDCMOGPFWKGSRGGMSEUN_2024                                       7.91%    passed     95.73%
  24  B_DELIM-JDCMOGPFWKGSRGGMSEUN_Peru_DELIM-JDCMOGPFWKGSRGGMSEUN_LIM-UPCH-4682_DELIM-JDCMOGPFWKGSRGGMSEUN_2024                                       7.91%    passed     97.26%
  25  B_DELIM-JDCMOGPFWKGSRGGMSEUN_Peru_DELIM-JDCMOGPFWKGSRGGMSEUN_LIM-UPCH-4697_DELIM-JDCMOGPFWKGSRGGMSEUN_2024                                       7.91%    passed     97.26%
  26  B_DELIM-JDCMOGPFWKGSRGGMSEUN_Peru_DELIM-JDCMOGPFWKGSRGGMSEUN_LIM-UPCH-4703_DELIM-JDCMOGPFWKGSRGGMSEUN_2024                                       7.91%    passed     96.77%
  27  B_DELIM-JDCMOGPFWKGSRGGMSEUN_Peru_DELIM-JDCMOGPFWKGSRGGMSEUN_LIM-UPCH-4716_DELIM-JDCMOGPFWKGSRGGMSEUN_2024                                       7.91%    passed     96.77%
  28  B_DELIM-JDCMOGPFWKGSRGGMSEUN_Peru_DELIM-JDCMOGPFWKGSRGGMSEUN_LIM-UPCH-4715_DELIM-JDCMOGPFWKGSRGGMSEUN_2024                                       7.91%    passed     96.98%
  29  B_DELIM-JDCMOGPFWKGSRGGMSEUN_Peru_DELIM-JDCMOGPFWKGSRGGMSEUN_LIM-UPCH-4698_DELIM-JDCMOGPFWKGSRGGMSEUN_2024                                       7.91%    passed     94.87%
  30  B_DELIM-JDCMOGPFWKGSRGGMSEUN_Peru_DELIM-JDCMOGPFWKGSRGGMSEUN_LIM-UPCH-4111_DELIM-JDCMOGPFWKGSRGGMSEUN_2024                                       7.91%    passed     96.36%
  31  B_DELIM-JDCMOGPFWKGSRGGMSEUN_Peru_DELIM-JDCMOGPFWKGSRGGMSEUN_LIM-UPCH-4719_DELIM-JDCMOGPFWKGSRGGMSEUN_2024                                       7.91%    passed     96.39%
  32  B_DELIM-JDCMOGPFWKGSRGGMSEUN_Peru_DELIM-JDCMOGPFWKGSRGGMSEUN_LIM-UPCH-4681_DELIM-JDCMOGPFWKGSRGGMSEUN_2024                                       7.91%    passed     95.85%
  33  B_DELIM-JDCMOGPFWKGSRGGMSEUN_Peru_DELIM-JDCMOGPFWKGSRGGMSEUN_LIM-UPCH-4723_DELIM-JDCMOGPFWKGSRGGMSEUN_2024                                       8.37%    passed     97.11%
  34  B_DELIM-JDCMOGPFWKGSRGGMSEUN_Peru_DELIM-JDCMOGPFWKGSRGGMSEUN_LIM-UPCH-4685_DELIM-JDCMOGPFWKGSRGGMSEUN_2024                                       7.91%    passed     97.84%
  35  B_DELIM-JDCMOGPFWKGSRGGMSEUN_Peru_DELIM-JDCMOGPFWKGSRGGMSEUN_LIM-UPCH-4724_DELIM-JDCMOGPFWKGSRGGMSEUN_2024                                       8.04%    passed     97.61%
  36  B_DELIM-JDCMOGPFWKGSRGGMSEUN_Peru_DELIM-JDCMOGPFWKGSRGGMSEUN_UPCH_3869_DELIM-JDCMOGPFWKGSRGGMSEUN_2023                                           7.91%    passed     97.89%
  37  B_DELIM-JDCMOGPFWKGSRGGMSEUN_Peru_DELIM-JDCMOGPFWKGSRGGMSEUN_UPCH_3865_DELIM-JDCMOGPFWKGSRGGMSEUN_2023                                           7.91%    passed     97.26%
  38  B_DELIM-JDCMOGPFWKGSRGGMSEUN_Peru_DELIM-JDCMOGPFWKGSRGGMSEUN_UPCH_3863_DELIM-JDCMOGPFWKGSRGGMSEUN_2023                                           7.91%    passed     97.26%
  39  B_DELIM-JDCMOGPFWKGSRGGMSEUN_Peru_DELIM-JDCMOGPFWKGSRGGMSEUN_LIM-UPCH-4709_DELIM-JDCMOGPFWKGSRGGMSEUN_2024                                       7.91%    passed     97.26%
  40  B_DELIM-JDCMOGPFWKGSRGGMSEUN_Peru_DELIM-JDCMOGPFWKGSRGGMSEUN_LIM-UPCH-4730_DELIM-JDCMOGPFWKGSRGGMSEUN_2024                                       7.91%    passed     95.26%
  41  B_DELIM-JDCMOGPFWKGSRGGMSEUN_Peru_DELIM-JDCMOGPFWKGSRGGMSEUN_LIM-UPCH-4696_DELIM-JDCMOGPFWKGSRGGMSEUN_2024                                       7.91%    passed     96.68%
  42  B_DELIM-JDCMOGPFWKGSRGGMSEUN_Ecuador_DELIM-JDCMOGPFWKGSRGGMSEUN_9768_DELIM-JDCMOGPFWKGSRGGMSEUN_2023                                             0.07%    passed     98.89%
  43  B_DELIM-JDCMOGPFWKGSRGGMSEUN_Peru_DELIM-JDCMOGPFWKGSRGGMSEUN_3886_DELIM-JDCMOGPFWKGSRGGMSEUN_2023                                                0.07%    passed     99.39%
  44  B_DELIM-JDCMOGPFWKGSRGGMSEUN_Peru_DELIM-JDCMOGPFWKGSRGGMSEUN_2161_DELIM-JDCMOGPFWKGSRGGMSEUN_2023                                                0.07%    passed     99.39%
  45  B_DELIM-JDCMOGPFWKGSRGGMSEUN_Peru_DELIM-JDCMOGPFWKGSRGGMSEUN_02885Aahnc_DELIM-JDCMOGPFWKGSRGGMSEUN_2023                                          0.07%    passed     97.71%
  46  B_DELIM-JDCMOGPFWKGSRGGMSEUN_Peru_DELIM-JDCMOGPFWKGSRGGMSEUN_02885Aahlc_DELIM-JDCMOGPFWKGSRGGMSEUN_2023                                          0.07%    passed     97.71%
  47  B_DELIM-JDCMOGPFWKGSRGGMSEUN_Peru_DELIM-JDCMOGPFWKGSRGGMSEUN_10185Aanzs_DELIM-JDCMOGPFWKGSRGGMSEUN_2023                                          0.07%    passed     97.71%
  48  B_DELIM-JDCMOGPFWKGSRGGMSEUN_Peru_DELIM-JDCMOGPFWKGSRGGMSEUN_02883Aaltu_DELIM-JDCMOGPFWKGSRGGMSEUN_2023                                          0.07%    passed     97.71%
  49  B_DELIM-JDCMOGPFWKGSRGGMSEUN_Peru_DELIM-JDCMOGPFWKGSRGGMSEUN_2885_DELIM-JDCMOGPFWKGSRGGMSEUN_2023                                                0.07%    passed     96.93%
  50  B_DELIM-JDCMOGPFWKGSRGGMSEUN_Peru_DELIM-JDCMOGPFWKGSRGGMSEUN_02883Aalsx_DELIM-JDCMOGPFWKGSRGGMSEUN_2023                                          0.07%    passed     98.25%
  51  B_DELIM-JDCMOGPFWKGSRGGMSEUN_Peru_DELIM-JDCMOGPFWKGSRGGMSEUN_2883_DELIM-JDCMOGPFWKGSRGGMSEUN_2023                                                0.07%    passed     97.54%
  52  B_DELIM-JDCMOGPFWKGSRGGMSEUN_Peru_DELIM-JDCMOGPFWKGSRGGMSEUN_2831_DELIM-JDCMOGPFWKGSRGGMSEUN_2023                                                0.07%    passed     97.54%
  53  B_DELIM-JDCMOGPFWKGSRGGMSEUN_Peru_DELIM-JDCMOGPFWKGSRGGMSEUN_02885Aahkz_DELIM-JDCMOGPFWKGSRGGMSEUN_2023                                          0.07%    passed     97.54%
  54  B_DELIM-JDCMOGPFWKGSRGGMSEUN_Peru_DELIM-JDCMOGPFWKGSRGGMSEUN_02885Aahng_DELIM-JDCMOGPFWKGSRGGMSEUN_2023                                          0.07%    passed     97.97%
  55  B_DELIM-JDCMOGPFWKGSRGGMSEUN_Peru_DELIM-JDCMOGPFWKGSRGGMSEUN_02883Aalsw_DELIM-JDCMOGPFWKGSRGGMSEUN_2023                                          0.07%    passed     97.63%
  56  B_DELIM-JDCMOGPFWKGSRGGMSEUN_Peru_DELIM-JDCMOGPFWKGSRGGMSEUN_4054_DELIM-JDCMOGPFWKGSRGGMSEUN_2023                                                0.07%    passed     97.54%
  57  B_DELIM-JDCMOGPFWKGSRGGMSEUN_Ecuador_DELIM-JDCMOGPFWKGSRGGMSEUN_4157_DELIM-JDCMOGPFWKGSRGGMSEUN_2023                                             0.07%    passed     99.09%
  58  B_DELIM-JDCMOGPFWKGSRGGMSEUN_Ecuador_DELIM-JDCMOGPFWKGSRGGMSEUN_1135_DELIM-JDCMOGPFWKGSRGGMSEUN_2023                                             0.07%    passed     99.02%
  59  B_DELIM-JDCMOGPFWKGSRGGMSEUN_Peru_DELIM-JDCMOGPFWKGSRGGMSEUN_3472_DELIM-JDCMOGPFWKGSRGGMSEUN_2023                                                0.07%    passed     99.27%
  60  B_DELIM-JDCMOGPFWKGSRGGMSEUN_Peru_DELIM-JDCMOGPFWKGSRGGMSEUN_472_DELIM-JDCMOGPFWKGSRGGMSEUN_2023                                                 0.07%    passed     99.39%
  61  B_DELIM-JDCMOGPFWKGSRGGMSEUN_Peru_DELIM-JDCMOGPFWKGSRGGMSEUN_9066_DELIM-JDCMOGPFWKGSRGGMSEUN_2023                                                0.07%    passed     98.74%
  62  B_DELIM-JDCMOGPFWKGSRGGMSEUN_Peru_DELIM-JDCMOGPFWKGSRGGMSEUN_4317_DELIM-JDCMOGPFWKGSRGGMSEUN_2023                                                0.07%    passed     99.39%
  63  B_DELIM-JDCMOGPFWKGSRGGMSEUN_Peru_DELIM-JDCMOGPFWKGSRGGMSEUN_03472_DELIM-JDCMOGPFWKGSRGGMSEUN_2023                                               0.07%    passed     99.39%
  64  B_DELIM-JDCMOGPFWKGSRGGMSEUN_Peru_DELIM-JDCMOGPFWKGSRGGMSEUN_0727_DELIM-JDCMOGPFWKGSRGGMSEUN_2023                                                0.07%    passed     98.45%
  65  B_DELIM-JDCMOGPFWKGSRGGMSEUN_Peru_DELIM-JDCMOGPFWKGSRGGMSEUN_2017_DELIM-JDCMOGPFWKGSRGGMSEUN_2023                                                0.07%    passed     99.58%
  66  B_DELIM-JDCMOGPFWKGSRGGMSEUN_Ecuador_DELIM-JDCMOGPFWKGSRGGMSEUN_140_DELIM-JDCMOGPFWKGSRGGMSEUN_2023                                              0.07%    passed     99.11%
  67  B_DELIM-JDCMOGPFWKGSRGGMSEUN_Peru_DELIM-JDCMOGPFWKGSRGGMSEUN_01237Aaeev_DELIM-JDCMOGPFWKGSRGGMSEUN_2023                                          0.07%    passed     98.45%
  68  B_DELIM-JDCMOGPFWKGSRGGMSEUN_Peru_DELIM-JDCMOGPFWKGSRGGMSEUN_1292_DELIM-JDCMOGPFWKGSRGGMSEUN_2023                                                0.07%    passed     98.45%
  69  B_DELIM-JDCMOGPFWKGSRGGMSEUN_Peru_DELIM-JDCMOGPFWKGSRGGMSEUN_01237Aaefa_DELIM-JDCMOGPFWKGSRGGMSEUN_2023                                          0.07%    passed     98.45%
  70  B_DELIM-JDCMOGPFWKGSRGGMSEUN_Peru_DELIM-JDCMOGPFWKGSRGGMSEUN_01237Aaeew_DELIM-JDCMOGPFWKGSRGGMSEUN_2023                                          0.07%    passed     98.45%
  71  B_DELIM-JDCMOGPFWKGSRGGMSEUN_Peru_DELIM-JDCMOGPFWKGSRGGMSEUN_1237_DELIM-JDCMOGPFWKGSRGGMSEUN_2023                                                0.07%    passed     98.17%
  72  B_DELIM-JDCMOGPFWKGSRGGMSEUN_Peru_DELIM-JDCMOGPFWKGSRGGMSEUN_1232_DELIM-JDCMOGPFWKGSRGGMSEUN_2023                                                0.07%    passed     98.46%
  73  B_DELIM-JDCMOGPFWKGSRGGMSEUN_Peru_DELIM-JDCMOGPFWKGSRGGMSEUN_1409_DELIM-JDCMOGPFWKGSRGGMSEUN_2023                                                0.07%    passed     99.38%
  74  B_DELIM-JDCMOGPFWKGSRGGMSEUN_Peru_DELIM-JDCMOGPFWKGSRGGMSEUN_2645_DELIM-JDCMOGPFWKGSRGGMSEUN_2023                                                0.13%    passed     98.16%
  75  B_DELIM-JDCMOGPFWKGSRGGMSEUN_Peru_DELIM-JDCMOGPFWKGSRGGMSEUN_02645Aaaek_DELIM-JDCMOGPFWKGSRGGMSEUN_2023                                          0.07%    passed     98.61%
  76  B_DELIM-JDCMOGPFWKGSRGGMSEUN_Peru_DELIM-JDCMOGPFWKGSRGGMSEUN_7638_DELIM-JDCMOGPFWKGSRGGMSEUN_2023                                                0.07%    passed     98.65%
  77  B_DELIM-JDCMOGPFWKGSRGGMSEUN_Peru_DELIM-JDCMOGPFWKGSRGGMSEUN_2888_DELIM-JDCMOGPFWKGSRGGMSEUN_2023                                                0.07%    passed     99.55%
  78  B_DELIM-JDCMOGPFWKGSRGGMSEUN_Peru_DELIM-JDCMOGPFWKGSRGGMSEUN_0753_DELIM-JDCMOGPFWKGSRGGMSEUN_2023                                                0.07%    passed     99.74%
  79  B_DELIM-JDCMOGPFWKGSRGGMSEUN_Peru_DELIM-JDCMOGPFWKGSRGGMSEUN_02888Aakdn_DELIM-JDCMOGPFWKGSRGGMSEUN_2023                                          0.07%    passed     98.61%
  80  B_DELIM-JDCMOGPFWKGSRGGMSEUN_Peru_DELIM-JDCMOGPFWKGSRGGMSEUN_02888Aakdk_DELIM-JDCMOGPFWKGSRGGMSEUN_2023                                          0.07%    passed     98.61%
  81  B_DELIM-JDCMOGPFWKGSRGGMSEUN_Peru_DELIM-JDCMOGPFWKGSRGGMSEUN_4211_DELIM-JDCMOGPFWKGSRGGMSEUN_2023                                                0.13%    passed     97.91%
  82  B_DELIM-JDCMOGPFWKGSRGGMSEUN_Peru_DELIM-JDCMOGPFWKGSRGGMSEUN_02888Aakpr_DELIM-JDCMOGPFWKGSRGGMSEUN_2024                                          0.13%    passed     99.55%
  83  B_DELIM-JDCMOGPFWKGSRGGMSEUN_Peru_DELIM-JDCMOGPFWKGSRGGMSEUN_LIM-INS-119_DELIM-JDCMOGPFWKGSRGGMSEUN_2024                                         8.31%    passed     97.40%
  84  B_DELIM-JDCMOGPFWKGSRGGMSEUN_Ecuador_DELIM-JDCMOGPFWKGSRGGMSEUN_GSB-1171-1496_DELIM-JDCMOGPFWKGSRGGMSEUN_2023                                    3.07%    passed     96.18%
  85  B_DELIM-JDCMOGPFWKGSRGGMSEUN_Peru_DELIM-JDCMOGPFWKGSRGGMSEUN_6669_DELIM-JDCMOGPFWKGSRGGMSEUN_2023                                                0.07%    passed     97.53%
  86  B_DELIM-JDCMOGPFWKGSRGGMSEUN_Peru_DELIM-JDCMOGPFWKGSRGGMSEUN_GIHSN-HCL023164105501_DELIM-JDCMOGPFWKGSRGGMSEUN_2023                               0.07%    passed     97.07%
  87  B_DELIM-JDCMOGPFWKGSRGGMSEUN_New_York_DELIM-JDCMOGPFWKGSRGGMSEUN_72_DELIM-JDCMOGPFWKGSRGGMSEUN_2024                                              0.07%    passed     98.36%
  88  B_DELIM-JDCMOGPFWKGSRGGMSEUN_WAKAYAMA_DELIM-JDCMOGPFWKGSRGGMSEUN_32_DELIM-JDCMOGPFWKGSRGGMSEUN_2013                                              7.91%    passed     84.32%
  89  B_DELIM-JDCMOGPFWKGSRGGMSEUN_Nepal_DELIM-JDCMOGPFWKGSRGGMSEUN_20FL0829_DELIM-JDCMOGPFWKGSRGGMSEUN_2020                                           7.91%    passed     90.00%
  90  B_DELIM-JDCMOGPFWKGSRGGMSEUN_Hong_Kong_DELIM-JDCMOGPFWKGSRGGMSEUN_286_DELIM-JDCMOGPFWKGSRGGMSEUN_2017                                            0.07%    passed     99.36%
  91  B_DELIM-JDCMOGPFWKGSRGGMSEUN_Washington_DELIM-JDCMOGPFWKGSRGGMSEUN_02_DELIM-JDCMOGPFWKGSRGGMSEUN_2019                                            0.07%    passed     99.69%
  92  B_DELIM-JDCMOGPFWKGSRGGMSEUN_Rhode_Island_DELIM-JDCMOGPFWKGSRGGMSEUN_01_DELIM-JDCMOGPFWKGSRGGMSEUN_2019                                          0.13%    passed     99.19%
  93  B_DELIM-JDCMOGPFWKGSRGGMSEUN_Abudhabi_DELIM-JDCMOGPFWKGSRGGMSEUN_061_DELIM-JDCMOGPFWKGSRGGMSEUN_2019                                             0.07%    passed     99.39%
  94  B_DELIM-JDCMOGPFWKGSRGGMSEUN_Zambia_DELIM-JDCMOGPFWKGSRGGMSEUN_7419_DELIM-JDCMOGPFWKGSRGGMSEUN_2022                                              0.07%    passed     99.17%
  95  B_DELIM-JDCMOGPFWKGSRGGMSEUN_Victoria_DELIM-JDCMOGPFWKGSRGGMSEUN_905_DELIM-JDCMOGPFWKGSRGGMSEUN_2019                                             2.62%    passed     97.19%
  96  B_DELIM-JDCMOGPFWKGSRGGMSEUN_New_Caledonia_DELIM-JDCMOGPFWKGSRGGMSEUN_118_DELIM-JDCMOGPFWKGSRGGMSEUN_2015                                        0.07%    passed     99.41%
  97  B_DELIM-JDCMOGPFWKGSRGGMSEUN_Colorado_DELIM-JDCMOGPFWKGSRGGMSEUN_06_DELIM-JDCMOGPFWKGSRGGMSEUN_2017                                              0.13%    passed     97.69%
  98  B_DELIM-JDCMOGPFWKGSRGGMSEUN_Zhejiang-Longwan_DELIM-JDCMOGPFWKGSRGGMSEUN_11200_DELIM-JDCMOGPFWKGSRGGMSEUN_2021                                   0.07%    passed     99.07%
  99  B_DELIM-JDCMOGPFWKGSRGGMSEUN_Canterbury_DELIM-JDCMOGPFWKGSRGGMSEUN_14_DELIM-JDCMOGPFWKGSRGGMSEUN_2019                                            0.07%    passed     98.46%
 100  B_DELIM-JDCMOGPFWKGSRGGMSEUN_Zhejiang-Yuecheng_DELIM-JDCMOGPFWKGSRGGMSEUN_1554_DELIM-JDCMOGPFWKGSRGGMSEUN_2022                                   0.07%    passed     98.71%
 101  B_DELIM-JDCMOGPFWKGSRGGMSEUN_Argentina_DELIM-JDCMOGPFWKGSRGGMSEUN_100_DELIM-JDCMOGPFWKGSRGGMSEUN_2020                                            0.07%    passed     96.61%
 102  B_DELIM-JDCMOGPFWKGSRGGMSEUN_Jiangxi-Yushui_DELIM-JDCMOGPFWKGSRGGMSEUN_11102_DELIM-JDCMOGPFWKGSRGGMSEUN_2014                                     0.07%    passed     97.53%
****  TOTAL                                                                                                                                            3.14%  0 sequences failed composition chi2 test (p-value<5%; df=3)
NOTE: B_DELIM-JDCMOGPFWKGSRGGMSEUN_Ecuador_DELIM-JDCMOGPFWKGSRGGMSEUN_5450_DELIM-JDCMOGPFWKGSRGGMSEUN_2023 is identical to B_DELIM-JDCMOGPFWKGSRGGMSEUN_Ecuador_DELIM-JDCMOGPFWKGSRGGMSEUN_5408_DELIM-JDCMOGPFWKGSRGGMSEUN_2023 but kept for subsequent analysis
NOTE: B_DELIM-JDCMOGPFWKGSRGGMSEUN_Peru_DELIM-JDCMOGPFWKGSRGGMSEUN_LIM-UPCH-4707_DELIM-JDCMOGPFWKGSRGGMSEUN_2024 is identical to B_DELIM-JDCMOGPFWKGSRGGMSEUN_Peru_DELIM-JDCMOGPFWKGSRGGMSEUN_LIM-UPCH-4599_DELIM-JDCMOGPFWKGSRGGMSEUN_2024 but kept for subsequent analysis
NOTE: B_DELIM-JDCMOGPFWKGSRGGMSEUN_Peru_DELIM-JDCMOGPFWKGSRGGMSEUN_LIM-UPCH-4704_DELIM-JDCMOGPFWKGSRGGMSEUN_2024 is identical to B_DELIM-JDCMOGPFWKGSRGGMSEUN_Peru_DELIM-JDCMOGPFWKGSRGGMSEUN_LIM-UPCH-4722_DELIM-JDCMOGPFWKGSRGGMSEUN_2024 but kept for subsequent analysis
NOTE: B_DELIM-JDCMOGPFWKGSRGGMSEUN_Peru_DELIM-JDCMOGPFWKGSRGGMSEUN_LIM-UPCH-4716_DELIM-JDCMOGPFWKGSRGGMSEUN_2024 is identical to B_DELIM-JDCMOGPFWKGSRGGMSEUN_Peru_DELIM-JDCMOGPFWKGSRGGMSEUN_LIM-UPCH-4703_DELIM-JDCMOGPFWKGSRGGMSEUN_2024 but kept for subsequent analysis
NOTE: B_DELIM-JDCMOGPFWKGSRGGMSEUN_Peru_DELIM-JDCMOGPFWKGSRGGMSEUN_UPCH_3863_DELIM-JDCMOGPFWKGSRGGMSEUN_2023 is identical to B_DELIM-JDCMOGPFWKGSRGGMSEUN_Peru_DELIM-JDCMOGPFWKGSRGGMSEUN_UPCH_3865_DELIM-JDCMOGPFWKGSRGGMSEUN_2023 but kept for subsequent analysis
NOTE: B_DELIM-JDCMOGPFWKGSRGGMSEUN_Peru_DELIM-JDCMOGPFWKGSRGGMSEUN_2161_DELIM-JDCMOGPFWKGSRGGMSEUN_2023 is identical to B_DELIM-JDCMOGPFWKGSRGGMSEUN_Peru_DELIM-JDCMOGPFWKGSRGGMSEUN_3886_DELIM-JDCMOGPFWKGSRGGMSEUN_2023 but kept for subsequent analysis
NOTE: B_DELIM-JDCMOGPFWKGSRGGMSEUN_Peru_DELIM-JDCMOGPFWKGSRGGMSEUN_02885Aahlc_DELIM-JDCMOGPFWKGSRGGMSEUN_2023 is identical to B_DELIM-JDCMOGPFWKGSRGGMSEUN_Peru_DELIM-JDCMOGPFWKGSRGGMSEUN_02885Aahnc_DELIM-JDCMOGPFWKGSRGGMSEUN_2023 but kept for subsequent analysis
NOTE: B_DELIM-JDCMOGPFWKGSRGGMSEUN_Peru_DELIM-JDCMOGPFWKGSRGGMSEUN_2831_DELIM-JDCMOGPFWKGSRGGMSEUN_2023 is identical to B_DELIM-JDCMOGPFWKGSRGGMSEUN_Peru_DELIM-JDCMOGPFWKGSRGGMSEUN_2883_DELIM-JDCMOGPFWKGSRGGMSEUN_2023 but kept for subsequent analysis
NOTE: B_DELIM-JDCMOGPFWKGSRGGMSEUN_Peru_DELIM-JDCMOGPFWKGSRGGMSEUN_1292_DELIM-JDCMOGPFWKGSRGGMSEUN_2023 is identical to B_DELIM-JDCMOGPFWKGSRGGMSEUN_Peru_DELIM-JDCMOGPFWKGSRGGMSEUN_01237Aaeev_DELIM-JDCMOGPFWKGSRGGMSEUN_2023 but kept for subsequent analysis
NOTE: B_DELIM-JDCMOGPFWKGSRGGMSEUN_Peru_DELIM-JDCMOGPFWKGSRGGMSEUN_02888Aakdk_DELIM-JDCMOGPFWKGSRGGMSEUN_2023 is identical to B_DELIM-JDCMOGPFWKGSRGGMSEUN_Peru_DELIM-JDCMOGPFWKGSRGGMSEUN_02888Aakdn_DELIM-JDCMOGPFWKGSRGGMSEUN_2023 but kept for subsequent analysis
NOTE: 13 identical sequences (see below) will be ignored for subsequent analysis
NOTE: B_DELIM-JDCMOGPFWKGSRGGMSEUN_Peru_DELIM-JDCMOGPFWKGSRGGMSEUN_LIM-UPCH-4701_DELIM-JDCMOGPFWKGSRGGMSEUN_2024 (identical to B_DELIM-JDCMOGPFWKGSRGGMSEUN_Peru_DELIM-JDCMOGPFWKGSRGGMSEUN_LIM-UPCH-4599_DELIM-JDCMOGPFWKGSRGGMSEUN_2024) is ignored but added at the end
NOTE: B_DELIM-JDCMOGPFWKGSRGGMSEUN_Peru_DELIM-JDCMOGPFWKGSRGGMSEUN_LIM-UPCH-4699_DELIM-JDCMOGPFWKGSRGGMSEUN_2024 (identical to B_DELIM-JDCMOGPFWKGSRGGMSEUN_Peru_DELIM-JDCMOGPFWKGSRGGMSEUN_LIM-UPCH-4599_DELIM-JDCMOGPFWKGSRGGMSEUN_2024) is ignored but added at the end
NOTE: B_DELIM-JDCMOGPFWKGSRGGMSEUN_Peru_DELIM-JDCMOGPFWKGSRGGMSEUN_LIM-UPCH-4720_DELIM-JDCMOGPFWKGSRGGMSEUN_2024 (identical to B_DELIM-JDCMOGPFWKGSRGGMSEUN_Peru_DELIM-JDCMOGPFWKGSRGGMSEUN_LIM-UPCH-4599_DELIM-JDCMOGPFWKGSRGGMSEUN_2024) is ignored but added at the end
NOTE: B_DELIM-JDCMOGPFWKGSRGGMSEUN_Peru_DELIM-JDCMOGPFWKGSRGGMSEUN_LIM-UPCH-4677_DELIM-JDCMOGPFWKGSRGGMSEUN_2024 (identical to B_DELIM-JDCMOGPFWKGSRGGMSEUN_Peru_DELIM-JDCMOGPFWKGSRGGMSEUN_LIM-UPCH-4599_DELIM-JDCMOGPFWKGSRGGMSEUN_2024) is ignored but added at the end
NOTE: B_DELIM-JDCMOGPFWKGSRGGMSEUN_Peru_DELIM-JDCMOGPFWKGSRGGMSEUN_LIM-UPCH-4700_DELIM-JDCMOGPFWKGSRGGMSEUN_2024 (identical to B_DELIM-JDCMOGPFWKGSRGGMSEUN_Peru_DELIM-JDCMOGPFWKGSRGGMSEUN_LIM-UPCH-4722_DELIM-JDCMOGPFWKGSRGGMSEUN_2024) is ignored but added at the end
NOTE: B_DELIM-JDCMOGPFWKGSRGGMSEUN_Peru_DELIM-JDCMOGPFWKGSRGGMSEUN_LIM-UPCH-4726_DELIM-JDCMOGPFWKGSRGGMSEUN_2024 (identical to B_DELIM-JDCMOGPFWKGSRGGMSEUN_Peru_DELIM-JDCMOGPFWKGSRGGMSEUN_LIM-UPCH-4722_DELIM-JDCMOGPFWKGSRGGMSEUN_2024) is ignored but added at the end
NOTE: B_DELIM-JDCMOGPFWKGSRGGMSEUN_Peru_DELIM-JDCMOGPFWKGSRGGMSEUN_LIM-UPCH-4727_DELIM-JDCMOGPFWKGSRGGMSEUN_2024 (identical to B_DELIM-JDCMOGPFWKGSRGGMSEUN_Peru_DELIM-JDCMOGPFWKGSRGGMSEUN_LIM-UPCH-4722_DELIM-JDCMOGPFWKGSRGGMSEUN_2024) is ignored but added at the end
NOTE: B_DELIM-JDCMOGPFWKGSRGGMSEUN_Peru_DELIM-JDCMOGPFWKGSRGGMSEUN_LIM-UPCH-4690_DELIM-JDCMOGPFWKGSRGGMSEUN_2024 (identical to B_DELIM-JDCMOGPFWKGSRGGMSEUN_Peru_DELIM-JDCMOGPFWKGSRGGMSEUN_LIM-UPCH-4722_DELIM-JDCMOGPFWKGSRGGMSEUN_2024) is ignored but added at the end
NOTE: B_DELIM-JDCMOGPFWKGSRGGMSEUN_Peru_DELIM-JDCMOGPFWKGSRGGMSEUN_10185Aanzs_DELIM-JDCMOGPFWKGSRGGMSEUN_2023 (identical to B_DELIM-JDCMOGPFWKGSRGGMSEUN_Peru_DELIM-JDCMOGPFWKGSRGGMSEUN_02885Aahnc_DELIM-JDCMOGPFWKGSRGGMSEUN_2023) is ignored but added at the end
NOTE: B_DELIM-JDCMOGPFWKGSRGGMSEUN_Peru_DELIM-JDCMOGPFWKGSRGGMSEUN_02883Aaltu_DELIM-JDCMOGPFWKGSRGGMSEUN_2023 (identical to B_DELIM-JDCMOGPFWKGSRGGMSEUN_Peru_DELIM-JDCMOGPFWKGSRGGMSEUN_02885Aahnc_DELIM-JDCMOGPFWKGSRGGMSEUN_2023) is ignored but added at the end
NOTE: B_DELIM-JDCMOGPFWKGSRGGMSEUN_Peru_DELIM-JDCMOGPFWKGSRGGMSEUN_4054_DELIM-JDCMOGPFWKGSRGGMSEUN_2023 (identical to B_DELIM-JDCMOGPFWKGSRGGMSEUN_Peru_DELIM-JDCMOGPFWKGSRGGMSEUN_2883_DELIM-JDCMOGPFWKGSRGGMSEUN_2023) is ignored but added at the end
NOTE: B_DELIM-JDCMOGPFWKGSRGGMSEUN_Peru_DELIM-JDCMOGPFWKGSRGGMSEUN_01237Aaefa_DELIM-JDCMOGPFWKGSRGGMSEUN_2023 (identical to B_DELIM-JDCMOGPFWKGSRGGMSEUN_Peru_DELIM-JDCMOGPFWKGSRGGMSEUN_01237Aaeev_DELIM-JDCMOGPFWKGSRGGMSEUN_2023) is ignored but added at the end
NOTE: B_DELIM-JDCMOGPFWKGSRGGMSEUN_Peru_DELIM-JDCMOGPFWKGSRGGMSEUN_01237Aaeew_DELIM-JDCMOGPFWKGSRGGMSEUN_2023 (identical to B_DELIM-JDCMOGPFWKGSRGGMSEUN_Peru_DELIM-JDCMOGPFWKGSRGGMSEUN_01237Aaeev_DELIM-JDCMOGPFWKGSRGGMSEUN_2023) is ignored but added at the end
Alignment was printed to output/build-lineages/align/B-Victoria_NA_alignment-delim.fasta.uniqueseq.phy

For your convenience alignment with unique sequences printed to output/build-lineages/align/B-Victoria_NA_alignment-delim.fasta.uniqueseq.phy

Create initial parsimony tree by phylogenetic likelihood library (PLL)... 0.007 seconds

NOTE: 0 MB RAM (0 GB) is required!
Measuring multi-threading efficiency up to 4 CPU cores
Increase to 10 rounds for branch lengths
370 trees examined
Threads: 1 / Time: 4.003 sec / Speedup: 1.000 / Efficiency: 100% / LogL: -7367
Threads: 2 / Time: 2.993 sec / Speedup: 1.337 / Efficiency: 67% / LogL: -7367
Threads: 3 / Time: 3.367 sec / Speedup: 1.189 / Efficiency: 40% / LogL: -7367
BEST NUMBER OF THREADS: 2

Estimate model parameters (epsilon = 0.500)
1. Initial log-likelihood: -4584.600
2. Current log-likelihood: -4382.228
Optimal log-likelihood: -4382.219
Rate parameters:  A-C: 2.13980  A-G: 12.66949  A-T: 1.04820  C-G: 0.24122  C-T: 14.77068  G-T: 1.00000
Base frequencies:  A: 0.329  C: 0.193  G: 0.226  T: 0.252
Parameters optimization took 2 rounds (0.052 sec)
Wrote distance file to... 
Computing ML distances based on estimated model parameters...
Calculating distance matrix: done in 0.00778096 secs using 184.5% CPU
Computing ML distances took 0.008302 sec (of wall-clock time) 0.014984 sec (of CPU time)
Setting up auxiliary I and S matrices: done in 0.000556667 secs using 145.1% CPU
Computing RapidNJ tree took 0.002073 sec (of wall-clock time) 0.002432 sec (of CPU time)
Log-likelihood of RapidNJ tree: -4390.498
--------------------------------------------------------------------
|             INITIALIZING CANDIDATE TREE SET                      |
--------------------------------------------------------------------

Do NNI search on 2 best initial trees
Estimate model parameters (epsilon = 0.500)
BETTER TREE FOUND at iteration 1: -4381.437
Estimate model parameters (epsilon = 0.500)
BETTER TREE FOUND at iteration 2: -4378.577
Finish initializing candidate tree set (4)
Current best tree score: -4378.577 / CPU time: 0.087
Number of iterations: 2
TREE SEARCH COMPLETED AFTER 2 ITERATIONS / Time: 0h:0m:10s

--------------------------------------------------------------------
|                    FINALIZING TREE SEARCH                        |
--------------------------------------------------------------------
Performs final model parameters optimization
Estimate model parameters (epsilon = 0.050)
1. Initial log-likelihood: -4378.577
Optimal log-likelihood: -4378.577
Rate parameters:  A-C: 2.04355  A-G: 12.79723  A-T: 1.04748  C-G: 0.24050  C-T: 14.61469  G-T: 1.00000
Base frequencies:  A: 0.329  C: 0.193  G: 0.226  T: 0.252
Parameters optimization took 1 rounds (0.007 sec)
BEST SCORE FOUND : -4378.577
Total tree length: 0.222

Total number of iterations: 2
CPU time used for tree search: 0.146 sec (0h:0m:0s)
Wall-clock time used for tree search: 0.088 sec (0h:0m:0s)
Total CPU time used: 19.366 sec (0h:0m:19s)
Total wall-clock time used: 10.615 sec (0h:0m:10s)

Analysis results written to: 
  IQ-TREE report:                output/build-lineages/align/B-Victoria_NA_alignment-delim.fasta.iqtree
  Maximum-likelihood tree:       output/build-lineages/align/B-Victoria_NA_alignment-delim.fasta.treefile
  Likelihood distances:          output/build-lineages/align/B-Victoria_NA_alignment-delim.fasta.mldist
  Screen log file:               output/build-lineages/align/B-Victoria_NA_alignment-delim.fasta.log

Date and Time: Thu Dec 19 21:07:00 2024
