IQ-TREE multicore version 2.3.5.cmaple COVID-edition for Linux x86 64-bit built May 27 2024
Developed by Bui Quang Minh, James Barbetti, Nguyen Lam Tung, Olga Chernomor,
Heiko Schmidt, Dominik Schrempf, Michael Woodhams, Ly Trong Nhan, Thomas Wong

Host:    1db17c41e80b (SSE4.2, 71 GB RAM)
Command: iqtree --threads-max 4 -s output/build-lineages/align/B-Victoria_HA_alignment-delim.fasta -m GTR --ninit 2 -n 2 --epsilon 0.05 -T AUTO --redo
Seed:    71384 (Using SPRNG - Scalable Parallel Random Number Generator)
Time:    Thu Dec 19 21:38:38 2024
Kernel:  SSE2 - auto-detect threads (14 CPU cores detected)

Reading alignment file output/build-lineages/align/B-Victoria_HA_alignment-delim.fasta ... Fasta format detected
Reading fasta file: done in 0.00536838 secs using 98.04% CPU
Alignment most likely contains DNA/RNA sequences
Alignment has 109 sequences with 1847 columns, 288 distinct patterns
122 parsimony-informative, 143 singleton sites, 1582 constant sites
                                                                                                                                               Gap/Ambiguity  Composition  p-value
Analyzing sequences: done in 0.000112917 secs using 86.79% CPU
   1  B_DELIM-VJKQSXVAURBUIDZWYCGQ_Peru_DELIM-VJKQSXVAURBUIDZWYCGQ_01237Aaefb_DELIM-VJKQSXVAURBUIDZWYCGQ_2023                                          0.00%    passed     99.44%
   2  B_DELIM-VJKQSXVAURBUIDZWYCGQ_Peru_DELIM-VJKQSXVAURBUIDZWYCGQ_1293_DELIM-VJKQSXVAURBUIDZWYCGQ_2023                                                0.00%    passed     98.87%
   3  B_DELIM-VJKQSXVAURBUIDZWYCGQ_Hong_Kong_DELIM-VJKQSXVAURBUIDZWYCGQ_286_DELIM-VJKQSXVAURBUIDZWYCGQ_2017                                            0.00%    passed     95.95%
   4  B_DELIM-VJKQSXVAURBUIDZWYCGQ_Victoria_DELIM-VJKQSXVAURBUIDZWYCGQ_905_DELIM-VJKQSXVAURBUIDZWYCGQ_2019                                             0.05%    passed     95.87%
   5  B_DELIM-VJKQSXVAURBUIDZWYCGQ_Washington_DELIM-VJKQSXVAURBUIDZWYCGQ_02_DELIM-VJKQSXVAURBUIDZWYCGQ_2019                                            0.00%    passed     98.52%
   6  B_DELIM-VJKQSXVAURBUIDZWYCGQ_Rhode_Island_DELIM-VJKQSXVAURBUIDZWYCGQ_01_DELIM-VJKQSXVAURBUIDZWYCGQ_2019                                          0.00%    passed     98.04%
   7  B_DELIM-VJKQSXVAURBUIDZWYCGQ_Abudhabi_DELIM-VJKQSXVAURBUIDZWYCGQ_061_DELIM-VJKQSXVAURBUIDZWYCGQ_2019                                             0.00%    passed     98.18%
   8  B_DELIM-VJKQSXVAURBUIDZWYCGQ_Zhejiang-Longwan_DELIM-VJKQSXVAURBUIDZWYCGQ_11200_DELIM-VJKQSXVAURBUIDZWYCGQ_2021                                   0.00%    passed     98.18%
   9  B_DELIM-VJKQSXVAURBUIDZWYCGQ_Zhejiang-Yuecheng_DELIM-VJKQSXVAURBUIDZWYCGQ_1554_DELIM-VJKQSXVAURBUIDZWYCGQ_2022                                   0.00%    passed     98.65%
  10  B_DELIM-VJKQSXVAURBUIDZWYCGQ_Tak_DELIM-VJKQSXVAURBUIDZWYCGQ_F2636_DELIM-VJKQSXVAURBUIDZWYCGQ_2024                                                5.31%    passed     88.16%
  11  B_DELIM-VJKQSXVAURBUIDZWYCGQ_Ecuador_DELIM-VJKQSXVAURBUIDZWYCGQ_9768_DELIM-VJKQSXVAURBUIDZWYCGQ_2023                                             0.00%    passed     98.26%
  12  B_DELIM-VJKQSXVAURBUIDZWYCGQ_Ecuador_DELIM-VJKQSXVAURBUIDZWYCGQ_4157_DELIM-VJKQSXVAURBUIDZWYCGQ_2023                                             0.11%    passed     97.03%
  13  B_DELIM-VJKQSXVAURBUIDZWYCGQ_Peru_DELIM-VJKQSXVAURBUIDZWYCGQ_2161_DELIM-VJKQSXVAURBUIDZWYCGQ_2023                                                0.00%    passed     97.76%
  14  B_DELIM-VJKQSXVAURBUIDZWYCGQ_Ecuador_DELIM-VJKQSXVAURBUIDZWYCGQ_1135_DELIM-VJKQSXVAURBUIDZWYCGQ_2023                                             0.00%    passed     97.70%
  15  B_DELIM-VJKQSXVAURBUIDZWYCGQ_Peru_DELIM-VJKQSXVAURBUIDZWYCGQ_0727_DELIM-VJKQSXVAURBUIDZWYCGQ_2023                                                0.00%    passed     97.70%
  16  B_DELIM-VJKQSXVAURBUIDZWYCGQ_Peru_DELIM-VJKQSXVAURBUIDZWYCGQ_1409_DELIM-VJKQSXVAURBUIDZWYCGQ_2023                                                0.00%    passed     97.70%
  17  B_DELIM-VJKQSXVAURBUIDZWYCGQ_Peru_DELIM-VJKQSXVAURBUIDZWYCGQ_4317_DELIM-VJKQSXVAURBUIDZWYCGQ_2023                                                0.00%    passed     97.70%
  18  B_DELIM-VJKQSXVAURBUIDZWYCGQ_Peru_DELIM-VJKQSXVAURBUIDZWYCGQ_1232_DELIM-VJKQSXVAURBUIDZWYCGQ_2023                                                0.00%    passed     95.27%
  19  B_DELIM-VJKQSXVAURBUIDZWYCGQ_Peru_DELIM-VJKQSXVAURBUIDZWYCGQ_2017_DELIM-VJKQSXVAURBUIDZWYCGQ_2023                                                0.00%    passed     95.53%
  20  B_DELIM-VJKQSXVAURBUIDZWYCGQ_Peru_DELIM-VJKQSXVAURBUIDZWYCGQ_472_DELIM-VJKQSXVAURBUIDZWYCGQ_2023                                                 0.00%    passed     97.75%
  21  B_DELIM-VJKQSXVAURBUIDZWYCGQ_Peru_DELIM-VJKQSXVAURBUIDZWYCGQ_2645_DELIM-VJKQSXVAURBUIDZWYCGQ_2023                                                0.00%    passed     95.45%
  22  B_DELIM-VJKQSXVAURBUIDZWYCGQ_Peru_DELIM-VJKQSXVAURBUIDZWYCGQ_02645Aaaek_DELIM-VJKQSXVAURBUIDZWYCGQ_2023                                          0.00%    passed     95.45%
  23  B_DELIM-VJKQSXVAURBUIDZWYCGQ_Peru_DELIM-VJKQSXVAURBUIDZWYCGQ_3886_DELIM-VJKQSXVAURBUIDZWYCGQ_2023                                                0.00%    passed     97.85%
  24  B_DELIM-VJKQSXVAURBUIDZWYCGQ_Peru_DELIM-VJKQSXVAURBUIDZWYCGQ_7638_DELIM-VJKQSXVAURBUIDZWYCGQ_2023                                                0.00%    passed     98.51%
  25  B_DELIM-VJKQSXVAURBUIDZWYCGQ_Peru_DELIM-VJKQSXVAURBUIDZWYCGQ_3472_DELIM-VJKQSXVAURBUIDZWYCGQ_2023                                                0.00%    passed     97.86%
  26  B_DELIM-VJKQSXVAURBUIDZWYCGQ_Peru_DELIM-VJKQSXVAURBUIDZWYCGQ_03472_DELIM-VJKQSXVAURBUIDZWYCGQ_2023                                               0.00%    passed     97.41%
  27  B_DELIM-VJKQSXVAURBUIDZWYCGQ_Ecuador_DELIM-VJKQSXVAURBUIDZWYCGQ_140_DELIM-VJKQSXVAURBUIDZWYCGQ_2023                                              0.00%    passed     97.39%
  28  B_DELIM-VJKQSXVAURBUIDZWYCGQ_Peru_DELIM-VJKQSXVAURBUIDZWYCGQ_9066_DELIM-VJKQSXVAURBUIDZWYCGQ_2023                                                0.05%    passed     97.56%
  29  B_DELIM-VJKQSXVAURBUIDZWYCGQ_Peru_DELIM-VJKQSXVAURBUIDZWYCGQ_2888_DELIM-VJKQSXVAURBUIDZWYCGQ_2023                                                0.00%    passed     98.89%
  30  B_DELIM-VJKQSXVAURBUIDZWYCGQ_Peru_DELIM-VJKQSXVAURBUIDZWYCGQ_02888Aakpr_DELIM-VJKQSXVAURBUIDZWYCGQ_2024                                          0.00%    passed     98.87%
  31  B_DELIM-VJKQSXVAURBUIDZWYCGQ_Peru_DELIM-VJKQSXVAURBUIDZWYCGQ_01237Aaeev_DELIM-VJKQSXVAURBUIDZWYCGQ_2023                                          0.00%    passed     98.51%
  32  B_DELIM-VJKQSXVAURBUIDZWYCGQ_Peru_DELIM-VJKQSXVAURBUIDZWYCGQ_1292_DELIM-VJKQSXVAURBUIDZWYCGQ_2023                                                0.00%    passed     99.09%
  33  B_DELIM-VJKQSXVAURBUIDZWYCGQ_Peru_DELIM-VJKQSXVAURBUIDZWYCGQ_01237Aaefa_DELIM-VJKQSXVAURBUIDZWYCGQ_2023                                          0.00%    passed     99.09%
  34  B_DELIM-VJKQSXVAURBUIDZWYCGQ_Peru_DELIM-VJKQSXVAURBUIDZWYCGQ_01237Aaeew_DELIM-VJKQSXVAURBUIDZWYCGQ_2023                                          0.00%    passed     99.09%
  35  B_DELIM-VJKQSXVAURBUIDZWYCGQ_Peru_DELIM-VJKQSXVAURBUIDZWYCGQ_1237_DELIM-VJKQSXVAURBUIDZWYCGQ_2023                                                0.00%    passed     99.49%
  36  B_DELIM-VJKQSXVAURBUIDZWYCGQ_Peru_DELIM-VJKQSXVAURBUIDZWYCGQ_02888Aakdn_DELIM-VJKQSXVAURBUIDZWYCGQ_2023                                          0.00%    passed     98.51%
  37  B_DELIM-VJKQSXVAURBUIDZWYCGQ_Peru_DELIM-VJKQSXVAURBUIDZWYCGQ_02888Aakdk_DELIM-VJKQSXVAURBUIDZWYCGQ_2023                                          0.00%    passed     99.09%
  38  B_DELIM-VJKQSXVAURBUIDZWYCGQ_Peru_DELIM-VJKQSXVAURBUIDZWYCGQ_0753_DELIM-VJKQSXVAURBUIDZWYCGQ_2023                                                0.00%    passed     98.78%
  39  B_DELIM-VJKQSXVAURBUIDZWYCGQ_Peru_DELIM-VJKQSXVAURBUIDZWYCGQ_6669_DELIM-VJKQSXVAURBUIDZWYCGQ_2023                                                0.00%    passed     98.78%
  40  B_DELIM-VJKQSXVAURBUIDZWYCGQ_Ecuador_DELIM-VJKQSXVAURBUIDZWYCGQ_5408_DELIM-VJKQSXVAURBUIDZWYCGQ_2023                                             0.00%    passed     96.51%
  41  B_DELIM-VJKQSXVAURBUIDZWYCGQ_Ecuador_DELIM-VJKQSXVAURBUIDZWYCGQ_5450_DELIM-VJKQSXVAURBUIDZWYCGQ_2023                                             0.00%    passed     96.51%
  42  B_DELIM-VJKQSXVAURBUIDZWYCGQ_Ecuador_DELIM-VJKQSXVAURBUIDZWYCGQ_5527_DELIM-VJKQSXVAURBUIDZWYCGQ_2024                                             0.00%    passed     96.51%
  43  B_DELIM-VJKQSXVAURBUIDZWYCGQ_Peru_DELIM-VJKQSXVAURBUIDZWYCGQ_4211_DELIM-VJKQSXVAURBUIDZWYCGQ_2023                                                0.00%    passed     98.93%
  44  B_DELIM-VJKQSXVAURBUIDZWYCGQ_Peru_DELIM-VJKQSXVAURBUIDZWYCGQ_02885Aahnc_DELIM-VJKQSXVAURBUIDZWYCGQ_2023                                          0.00%    passed     98.78%
  45  B_DELIM-VJKQSXVAURBUIDZWYCGQ_Peru_DELIM-VJKQSXVAURBUIDZWYCGQ_2885_DELIM-VJKQSXVAURBUIDZWYCGQ_2023                                                0.00%    passed     98.78%
  46  B_DELIM-VJKQSXVAURBUIDZWYCGQ_Peru_DELIM-VJKQSXVAURBUIDZWYCGQ_02883Aaltu_DELIM-VJKQSXVAURBUIDZWYCGQ_2023                                          0.00%    passed     98.78%
  47  B_DELIM-VJKQSXVAURBUIDZWYCGQ_Peru_DELIM-VJKQSXVAURBUIDZWYCGQ_02885Aahkz_DELIM-VJKQSXVAURBUIDZWYCGQ_2023                                          0.00%    passed     98.78%
  48  B_DELIM-VJKQSXVAURBUIDZWYCGQ_Peru_DELIM-VJKQSXVAURBUIDZWYCGQ_02885Aahlc_DELIM-VJKQSXVAURBUIDZWYCGQ_2023                                          0.05%    passed     99.14%
  49  B_DELIM-VJKQSXVAURBUIDZWYCGQ_Peru_DELIM-VJKQSXVAURBUIDZWYCGQ_10185Aanzs_DELIM-VJKQSXVAURBUIDZWYCGQ_2023                                          0.11%    passed     99.02%
  50  B_DELIM-VJKQSXVAURBUIDZWYCGQ_Peru_DELIM-VJKQSXVAURBUIDZWYCGQ_4054_DELIM-VJKQSXVAURBUIDZWYCGQ_2023                                                0.00%    passed     97.99%
  51  B_DELIM-VJKQSXVAURBUIDZWYCGQ_Peru_DELIM-VJKQSXVAURBUIDZWYCGQ_2883_DELIM-VJKQSXVAURBUIDZWYCGQ_2023                                                0.00%    passed     97.99%
  52  B_DELIM-VJKQSXVAURBUIDZWYCGQ_Peru_DELIM-VJKQSXVAURBUIDZWYCGQ_2831_DELIM-VJKQSXVAURBUIDZWYCGQ_2023                                                0.00%    passed     97.99%
  53  B_DELIM-VJKQSXVAURBUIDZWYCGQ_Peru_DELIM-VJKQSXVAURBUIDZWYCGQ_02883Aalsw_DELIM-VJKQSXVAURBUIDZWYCGQ_2023                                          0.05%    passed     97.67%
  54  B_DELIM-VJKQSXVAURBUIDZWYCGQ_Peru_DELIM-VJKQSXVAURBUIDZWYCGQ_02885Aahng_DELIM-VJKQSXVAURBUIDZWYCGQ_2023                                          0.00%    passed     97.99%
  55  B_DELIM-VJKQSXVAURBUIDZWYCGQ_Peru_DELIM-VJKQSXVAURBUIDZWYCGQ_02883Aalsx_DELIM-VJKQSXVAURBUIDZWYCGQ_2023                                          0.00%    passed     98.72%
  56  B_DELIM-VJKQSXVAURBUIDZWYCGQ_Peru_DELIM-VJKQSXVAURBUIDZWYCGQ_LIM-UPCH-4599_DELIM-VJKQSXVAURBUIDZWYCGQ_2024                                       5.31%    passed     94.83%
  57  B_DELIM-VJKQSXVAURBUIDZWYCGQ_Peru_DELIM-VJKQSXVAURBUIDZWYCGQ_LIM-UPCH-4707_DELIM-VJKQSXVAURBUIDZWYCGQ_2024                                       5.31%    passed     94.83%
  58  B_DELIM-VJKQSXVAURBUIDZWYCGQ_Peru_DELIM-VJKQSXVAURBUIDZWYCGQ_LIM-UPCH-4719_DELIM-VJKQSXVAURBUIDZWYCGQ_2024                                       5.31%    passed     94.83%
  59  B_DELIM-VJKQSXVAURBUIDZWYCGQ_Peru_DELIM-VJKQSXVAURBUIDZWYCGQ_LIM-UPCH-4681_DELIM-VJKQSXVAURBUIDZWYCGQ_2024                                       5.31%    passed     94.83%
  60  B_DELIM-VJKQSXVAURBUIDZWYCGQ_Peru_DELIM-VJKQSXVAURBUIDZWYCGQ_LIM-UPCH-4722_DELIM-VJKQSXVAURBUIDZWYCGQ_2024                                       5.31%    passed     94.71%
  61  B_DELIM-VJKQSXVAURBUIDZWYCGQ_Peru_DELIM-VJKQSXVAURBUIDZWYCGQ_LIM-UPCH-4708_DELIM-VJKQSXVAURBUIDZWYCGQ_2024                                       5.31%    passed     94.71%
  62  B_DELIM-VJKQSXVAURBUIDZWYCGQ_Peru_DELIM-VJKQSXVAURBUIDZWYCGQ_LIM-UPCH-4700_DELIM-VJKQSXVAURBUIDZWYCGQ_2024                                       5.31%    passed     94.71%
  63  B_DELIM-VJKQSXVAURBUIDZWYCGQ_Peru_DELIM-VJKQSXVAURBUIDZWYCGQ_LIM-UPCH-4716_DELIM-VJKQSXVAURBUIDZWYCGQ_2024                                       5.31%    passed     94.71%
  64  B_DELIM-VJKQSXVAURBUIDZWYCGQ_Peru_DELIM-VJKQSXVAURBUIDZWYCGQ_LIM-UPCH-4715_DELIM-VJKQSXVAURBUIDZWYCGQ_2024                                       5.31%    passed     94.71%
  65  B_DELIM-VJKQSXVAURBUIDZWYCGQ_Peru_DELIM-VJKQSXVAURBUIDZWYCGQ_LIM-UPCH-4697_DELIM-VJKQSXVAURBUIDZWYCGQ_2024                                       5.31%    passed     94.71%
  66  B_DELIM-VJKQSXVAURBUIDZWYCGQ_Peru_DELIM-VJKQSXVAURBUIDZWYCGQ_LIM-UPCH-4703_DELIM-VJKQSXVAURBUIDZWYCGQ_2024                                       5.31%    passed     93.04%
  67  B_DELIM-VJKQSXVAURBUIDZWYCGQ_Peru_DELIM-VJKQSXVAURBUIDZWYCGQ_LIM-UPCH-4726_DELIM-VJKQSXVAURBUIDZWYCGQ_2024                                       5.31%    passed     96.08%
  68  B_DELIM-VJKQSXVAURBUIDZWYCGQ_Peru_DELIM-VJKQSXVAURBUIDZWYCGQ_LIM-UPCH-4725_DELIM-VJKQSXVAURBUIDZWYCGQ_2024                                       5.31%    passed     96.08%
  69  B_DELIM-VJKQSXVAURBUIDZWYCGQ_Peru_DELIM-VJKQSXVAURBUIDZWYCGQ_LIM-UPCH-4728_DELIM-VJKQSXVAURBUIDZWYCGQ_2024                                       5.31%    passed     94.83%
  70  B_DELIM-VJKQSXVAURBUIDZWYCGQ_Peru_DELIM-VJKQSXVAURBUIDZWYCGQ_LIM-UPCH-4727_DELIM-VJKQSXVAURBUIDZWYCGQ_2024                                       5.31%    passed     94.42%
  71  B_DELIM-VJKQSXVAURBUIDZWYCGQ_Peru_DELIM-VJKQSXVAURBUIDZWYCGQ_LIM-UPCH-4717_DELIM-VJKQSXVAURBUIDZWYCGQ_2024                                       5.31%    passed     93.04%
  72  B_DELIM-VJKQSXVAURBUIDZWYCGQ_Peru_DELIM-VJKQSXVAURBUIDZWYCGQ_LIM-UPCH-4699_DELIM-VJKQSXVAURBUIDZWYCGQ_2024                                       5.31%    passed     94.77%
  73  B_DELIM-VJKQSXVAURBUIDZWYCGQ_Peru_DELIM-VJKQSXVAURBUIDZWYCGQ_LIM-UPCH-4677_DELIM-VJKQSXVAURBUIDZWYCGQ_2024                                       5.31%    passed     96.18%
  74  B_DELIM-VJKQSXVAURBUIDZWYCGQ_Peru_DELIM-VJKQSXVAURBUIDZWYCGQ_LIM-UPCH-4704_DELIM-VJKQSXVAURBUIDZWYCGQ_2024                                       5.31%    passed     93.16%
  75  B_DELIM-VJKQSXVAURBUIDZWYCGQ_Peru_DELIM-VJKQSXVAURBUIDZWYCGQ_LIM-UPCH-4701_DELIM-VJKQSXVAURBUIDZWYCGQ_2024                                       5.31%    passed     94.71%
  76  B_DELIM-VJKQSXVAURBUIDZWYCGQ_Peru_DELIM-VJKQSXVAURBUIDZWYCGQ_LIM-UPCH-4690_DELIM-VJKQSXVAURBUIDZWYCGQ_2024                                       5.31%    passed     94.71%
  77  B_DELIM-VJKQSXVAURBUIDZWYCGQ_Peru_DELIM-VJKQSXVAURBUIDZWYCGQ_LIM-UPCH-4709_DELIM-VJKQSXVAURBUIDZWYCGQ_2024                                       5.36%    passed     95.06%
  78  B_DELIM-VJKQSXVAURBUIDZWYCGQ_Peru_DELIM-VJKQSXVAURBUIDZWYCGQ_LIM-UPCH-4718_DELIM-VJKQSXVAURBUIDZWYCGQ_2024                                       5.47%    passed     95.47%
  79  B_DELIM-VJKQSXVAURBUIDZWYCGQ_Peru_DELIM-VJKQSXVAURBUIDZWYCGQ_LIM-UPCH-4724_DELIM-VJKQSXVAURBUIDZWYCGQ_2024                                       5.31%    passed     94.78%
  80  B_DELIM-VJKQSXVAURBUIDZWYCGQ_Peru_DELIM-VJKQSXVAURBUIDZWYCGQ_LIM-UPCH-4682_DELIM-VJKQSXVAURBUIDZWYCGQ_2024                                       5.31%    passed     94.47%
  81  B_DELIM-VJKQSXVAURBUIDZWYCGQ_Peru_DELIM-VJKQSXVAURBUIDZWYCGQ_LIM-UPCH-4685_DELIM-VJKQSXVAURBUIDZWYCGQ_2024                                       5.31%    passed     95.95%
  82  B_DELIM-VJKQSXVAURBUIDZWYCGQ_Peru_DELIM-VJKQSXVAURBUIDZWYCGQ_LIM-UPCH-4723_DELIM-VJKQSXVAURBUIDZWYCGQ_2024                                       5.31%    passed     91.19%
  83  B_DELIM-VJKQSXVAURBUIDZWYCGQ_Peru_DELIM-VJKQSXVAURBUIDZWYCGQ_LIM-UPCH-4111_DELIM-VJKQSXVAURBUIDZWYCGQ_2024                                       5.31%    passed     93.10%
  84  B_DELIM-VJKQSXVAURBUIDZWYCGQ_Peru_DELIM-VJKQSXVAURBUIDZWYCGQ_LIM-UPCH-4698_DELIM-VJKQSXVAURBUIDZWYCGQ_2024                                       5.31%    passed     93.16%
  85  B_DELIM-VJKQSXVAURBUIDZWYCGQ_Peru_DELIM-VJKQSXVAURBUIDZWYCGQ_LIM-UPCH-4720_DELIM-VJKQSXVAURBUIDZWYCGQ_2024                                       5.31%    passed     92.72%
  86  B_DELIM-VJKQSXVAURBUIDZWYCGQ_Peru_DELIM-VJKQSXVAURBUIDZWYCGQ_ARE-INS-092_DELIM-VJKQSXVAURBUIDZWYCGQ_2024                                         0.00%    passed     98.52%
  87  B_DELIM-VJKQSXVAURBUIDZWYCGQ_Peru_DELIM-VJKQSXVAURBUIDZWYCGQ_LIM-INS-119_DELIM-VJKQSXVAURBUIDZWYCGQ_2024                                         0.11%    passed     99.69%
  88  B_DELIM-VJKQSXVAURBUIDZWYCGQ_Peru_DELIM-VJKQSXVAURBUIDZWYCGQ_LIM-UPCH-4545_DELIM-VJKQSXVAURBUIDZWYCGQ_2024                                       5.31%    passed     97.25%
  89  B_DELIM-VJKQSXVAURBUIDZWYCGQ_Peru_DELIM-VJKQSXVAURBUIDZWYCGQ_UPCH_3869_DELIM-VJKQSXVAURBUIDZWYCGQ_2023                                           5.31%    passed     97.25%
  90  B_DELIM-VJKQSXVAURBUIDZWYCGQ_Peru_DELIM-VJKQSXVAURBUIDZWYCGQ_UPCH_3865_DELIM-VJKQSXVAURBUIDZWYCGQ_2023                                           5.31%    passed     98.07%
  91  B_DELIM-VJKQSXVAURBUIDZWYCGQ_Peru_DELIM-VJKQSXVAURBUIDZWYCGQ_UPCH_3863_DELIM-VJKQSXVAURBUIDZWYCGQ_2023                                           5.31%    passed     98.07%
  92  B_DELIM-VJKQSXVAURBUIDZWYCGQ_Peru_DELIM-VJKQSXVAURBUIDZWYCGQ_LIM-UPCH-4112_DELIM-VJKQSXVAURBUIDZWYCGQ_2023                                       6.01%    passed     97.80%
  93  B_DELIM-VJKQSXVAURBUIDZWYCGQ_Peru_DELIM-VJKQSXVAURBUIDZWYCGQ_UPCH_3919_DELIM-VJKQSXVAURBUIDZWYCGQ_2023                                           8.55%    passed     94.35%
  94  B_DELIM-VJKQSXVAURBUIDZWYCGQ_Peru_DELIM-VJKQSXVAURBUIDZWYCGQ_GIHSN-HCL023164105501_DELIM-VJKQSXVAURBUIDZWYCGQ_2023                               0.00%    passed     96.79%
  95  B_DELIM-VJKQSXVAURBUIDZWYCGQ_Peru_DELIM-VJKQSXVAURBUIDZWYCGQ_UPCH_3870_DELIM-VJKQSXVAURBUIDZWYCGQ_2023                                           8.23%    passed     96.64%
  96  B_DELIM-VJKQSXVAURBUIDZWYCGQ_Peru_DELIM-VJKQSXVAURBUIDZWYCGQ_LIM-UPCH-4730_DELIM-VJKQSXVAURBUIDZWYCGQ_2024                                       5.31%    passed     97.67%
  97  B_DELIM-VJKQSXVAURBUIDZWYCGQ_Peru_DELIM-VJKQSXVAURBUIDZWYCGQ_LIM-UPCH-4696_DELIM-VJKQSXVAURBUIDZWYCGQ_2024                                       5.31%    passed     97.34%
  98  B_DELIM-VJKQSXVAURBUIDZWYCGQ_New_York_DELIM-VJKQSXVAURBUIDZWYCGQ_72_DELIM-VJKQSXVAURBUIDZWYCGQ_2024                                              0.00%    passed     95.81%
  99  B_DELIM-VJKQSXVAURBUIDZWYCGQ_Austria_DELIM-VJKQSXVAURBUIDZWYCGQ_1359417_DELIM-VJKQSXVAURBUIDZWYCGQ_2021____21_DELIM-VJKQSXVAURBUIDZWYCGQ_224_    0.00%    passed     97.88%
 100  B_DELIM-VJKQSXVAURBUIDZWYCGQ_Nepal_DELIM-VJKQSXVAURBUIDZWYCGQ_20FL0829_DELIM-VJKQSXVAURBUIDZWYCGQ_2020                                           5.36%    passed     88.56%
 101  B_DELIM-VJKQSXVAURBUIDZWYCGQ_Zambia_DELIM-VJKQSXVAURBUIDZWYCGQ_7419_DELIM-VJKQSXVAURBUIDZWYCGQ_2022                                              0.00%    passed     99.07%
 102  B_DELIM-VJKQSXVAURBUIDZWYCGQ_WAKAYAMA_DELIM-VJKQSXVAURBUIDZWYCGQ_32_DELIM-VJKQSXVAURBUIDZWYCGQ_2013                                              5.31%    passed     90.04%
 103  B_DELIM-VJKQSXVAURBUIDZWYCGQ_New_Caledonia_DELIM-VJKQSXVAURBUIDZWYCGQ_118_DELIM-VJKQSXVAURBUIDZWYCGQ_2015                                        3.90%    passed     96.74%
 104  B_DELIM-VJKQSXVAURBUIDZWYCGQ_Canterbury_DELIM-VJKQSXVAURBUIDZWYCGQ_14_DELIM-VJKQSXVAURBUIDZWYCGQ_2019                                            3.84%    passed     97.61%
 105  B_DELIM-VJKQSXVAURBUIDZWYCGQ_Colorado_DELIM-VJKQSXVAURBUIDZWYCGQ_06_DELIM-VJKQSXVAURBUIDZWYCGQ_2017                                              0.11%    passed     96.04%
 106  B_DELIM-VJKQSXVAURBUIDZWYCGQ_Argentina_DELIM-VJKQSXVAURBUIDZWYCGQ_100_DELIM-VJKQSXVAURBUIDZWYCGQ_2020                                            0.00%    passed     97.88%
 107  B_DELIM-VJKQSXVAURBUIDZWYCGQ_Peru_DELIM-VJKQSXVAURBUIDZWYCGQ_UPCH_3860_DELIM-VJKQSXVAURBUIDZWYCGQ_2023                                           7.63%    passed     93.23%
 108  B_DELIM-VJKQSXVAURBUIDZWYCGQ_Jiangxi-Yushui_DELIM-VJKQSXVAURBUIDZWYCGQ_11102_DELIM-VJKQSXVAURBUIDZWYCGQ_2014                                     0.00%    passed     99.80%
 109  B_DELIM-VJKQSXVAURBUIDZWYCGQ_Ecuador_DELIM-VJKQSXVAURBUIDZWYCGQ_GSB-1171-1496_DELIM-VJKQSXVAURBUIDZWYCGQ_2023                                    7.20%    passed     96.84%
****  TOTAL                                                                                                                                            2.32%  0 sequences failed composition chi2 test (p-value<5%; df=3)
NOTE: B_DELIM-VJKQSXVAURBUIDZWYCGQ_Peru_DELIM-VJKQSXVAURBUIDZWYCGQ_0727_DELIM-VJKQSXVAURBUIDZWYCGQ_2023 is identical to B_DELIM-VJKQSXVAURBUIDZWYCGQ_Ecuador_DELIM-VJKQSXVAURBUIDZWYCGQ_1135_DELIM-VJKQSXVAURBUIDZWYCGQ_2023 but kept for subsequent analysis
NOTE: B_DELIM-VJKQSXVAURBUIDZWYCGQ_Peru_DELIM-VJKQSXVAURBUIDZWYCGQ_02645Aaaek_DELIM-VJKQSXVAURBUIDZWYCGQ_2023 is identical to B_DELIM-VJKQSXVAURBUIDZWYCGQ_Peru_DELIM-VJKQSXVAURBUIDZWYCGQ_2645_DELIM-VJKQSXVAURBUIDZWYCGQ_2023 but kept for subsequent analysis
NOTE: B_DELIM-VJKQSXVAURBUIDZWYCGQ_Peru_DELIM-VJKQSXVAURBUIDZWYCGQ_01237Aaefa_DELIM-VJKQSXVAURBUIDZWYCGQ_2023 is identical to B_DELIM-VJKQSXVAURBUIDZWYCGQ_Peru_DELIM-VJKQSXVAURBUIDZWYCGQ_1292_DELIM-VJKQSXVAURBUIDZWYCGQ_2023 but kept for subsequent analysis
NOTE: B_DELIM-VJKQSXVAURBUIDZWYCGQ_Ecuador_DELIM-VJKQSXVAURBUIDZWYCGQ_5450_DELIM-VJKQSXVAURBUIDZWYCGQ_2023 is identical to B_DELIM-VJKQSXVAURBUIDZWYCGQ_Ecuador_DELIM-VJKQSXVAURBUIDZWYCGQ_5408_DELIM-VJKQSXVAURBUIDZWYCGQ_2023 but kept for subsequent analysis
NOTE: B_DELIM-VJKQSXVAURBUIDZWYCGQ_Peru_DELIM-VJKQSXVAURBUIDZWYCGQ_2885_DELIM-VJKQSXVAURBUIDZWYCGQ_2023 is identical to B_DELIM-VJKQSXVAURBUIDZWYCGQ_Peru_DELIM-VJKQSXVAURBUIDZWYCGQ_02885Aahnc_DELIM-VJKQSXVAURBUIDZWYCGQ_2023 but kept for subsequent analysis
NOTE: B_DELIM-VJKQSXVAURBUIDZWYCGQ_Peru_DELIM-VJKQSXVAURBUIDZWYCGQ_2883_DELIM-VJKQSXVAURBUIDZWYCGQ_2023 is identical to B_DELIM-VJKQSXVAURBUIDZWYCGQ_Peru_DELIM-VJKQSXVAURBUIDZWYCGQ_4054_DELIM-VJKQSXVAURBUIDZWYCGQ_2023 but kept for subsequent analysis
NOTE: B_DELIM-VJKQSXVAURBUIDZWYCGQ_Peru_DELIM-VJKQSXVAURBUIDZWYCGQ_LIM-UPCH-4707_DELIM-VJKQSXVAURBUIDZWYCGQ_2024 is identical to B_DELIM-VJKQSXVAURBUIDZWYCGQ_Peru_DELIM-VJKQSXVAURBUIDZWYCGQ_LIM-UPCH-4599_DELIM-VJKQSXVAURBUIDZWYCGQ_2024 but kept for subsequent analysis
NOTE: B_DELIM-VJKQSXVAURBUIDZWYCGQ_Peru_DELIM-VJKQSXVAURBUIDZWYCGQ_LIM-UPCH-4708_DELIM-VJKQSXVAURBUIDZWYCGQ_2024 is identical to B_DELIM-VJKQSXVAURBUIDZWYCGQ_Peru_DELIM-VJKQSXVAURBUIDZWYCGQ_LIM-UPCH-4722_DELIM-VJKQSXVAURBUIDZWYCGQ_2024 but kept for subsequent analysis
NOTE: B_DELIM-VJKQSXVAURBUIDZWYCGQ_Peru_DELIM-VJKQSXVAURBUIDZWYCGQ_UPCH_3863_DELIM-VJKQSXVAURBUIDZWYCGQ_2023 is identical to B_DELIM-VJKQSXVAURBUIDZWYCGQ_Peru_DELIM-VJKQSXVAURBUIDZWYCGQ_UPCH_3865_DELIM-VJKQSXVAURBUIDZWYCGQ_2023 but kept for subsequent analysis
NOTE: 13 identical sequences (see below) will be ignored for subsequent analysis
NOTE: B_DELIM-VJKQSXVAURBUIDZWYCGQ_Peru_DELIM-VJKQSXVAURBUIDZWYCGQ_1409_DELIM-VJKQSXVAURBUIDZWYCGQ_2023 (identical to B_DELIM-VJKQSXVAURBUIDZWYCGQ_Ecuador_DELIM-VJKQSXVAURBUIDZWYCGQ_1135_DELIM-VJKQSXVAURBUIDZWYCGQ_2023) is ignored but added at the end
NOTE: B_DELIM-VJKQSXVAURBUIDZWYCGQ_Peru_DELIM-VJKQSXVAURBUIDZWYCGQ_4317_DELIM-VJKQSXVAURBUIDZWYCGQ_2023 (identical to B_DELIM-VJKQSXVAURBUIDZWYCGQ_Ecuador_DELIM-VJKQSXVAURBUIDZWYCGQ_1135_DELIM-VJKQSXVAURBUIDZWYCGQ_2023) is ignored but added at the end
NOTE: B_DELIM-VJKQSXVAURBUIDZWYCGQ_Peru_DELIM-VJKQSXVAURBUIDZWYCGQ_01237Aaeew_DELIM-VJKQSXVAURBUIDZWYCGQ_2023 (identical to B_DELIM-VJKQSXVAURBUIDZWYCGQ_Peru_DELIM-VJKQSXVAURBUIDZWYCGQ_1292_DELIM-VJKQSXVAURBUIDZWYCGQ_2023) is ignored but added at the end
NOTE: B_DELIM-VJKQSXVAURBUIDZWYCGQ_Ecuador_DELIM-VJKQSXVAURBUIDZWYCGQ_5527_DELIM-VJKQSXVAURBUIDZWYCGQ_2024 (identical to B_DELIM-VJKQSXVAURBUIDZWYCGQ_Ecuador_DELIM-VJKQSXVAURBUIDZWYCGQ_5408_DELIM-VJKQSXVAURBUIDZWYCGQ_2023) is ignored but added at the end
NOTE: B_DELIM-VJKQSXVAURBUIDZWYCGQ_Peru_DELIM-VJKQSXVAURBUIDZWYCGQ_02883Aaltu_DELIM-VJKQSXVAURBUIDZWYCGQ_2023 (identical to B_DELIM-VJKQSXVAURBUIDZWYCGQ_Peru_DELIM-VJKQSXVAURBUIDZWYCGQ_02885Aahnc_DELIM-VJKQSXVAURBUIDZWYCGQ_2023) is ignored but added at the end
NOTE: B_DELIM-VJKQSXVAURBUIDZWYCGQ_Peru_DELIM-VJKQSXVAURBUIDZWYCGQ_02885Aahkz_DELIM-VJKQSXVAURBUIDZWYCGQ_2023 (identical to B_DELIM-VJKQSXVAURBUIDZWYCGQ_Peru_DELIM-VJKQSXVAURBUIDZWYCGQ_02885Aahnc_DELIM-VJKQSXVAURBUIDZWYCGQ_2023) is ignored but added at the end
NOTE: B_DELIM-VJKQSXVAURBUIDZWYCGQ_Peru_DELIM-VJKQSXVAURBUIDZWYCGQ_2831_DELIM-VJKQSXVAURBUIDZWYCGQ_2023 (identical to B_DELIM-VJKQSXVAURBUIDZWYCGQ_Peru_DELIM-VJKQSXVAURBUIDZWYCGQ_4054_DELIM-VJKQSXVAURBUIDZWYCGQ_2023) is ignored but added at the end
NOTE: B_DELIM-VJKQSXVAURBUIDZWYCGQ_Peru_DELIM-VJKQSXVAURBUIDZWYCGQ_LIM-UPCH-4719_DELIM-VJKQSXVAURBUIDZWYCGQ_2024 (identical to B_DELIM-VJKQSXVAURBUIDZWYCGQ_Peru_DELIM-VJKQSXVAURBUIDZWYCGQ_LIM-UPCH-4599_DELIM-VJKQSXVAURBUIDZWYCGQ_2024) is ignored but added at the end
NOTE: B_DELIM-VJKQSXVAURBUIDZWYCGQ_Peru_DELIM-VJKQSXVAURBUIDZWYCGQ_LIM-UPCH-4681_DELIM-VJKQSXVAURBUIDZWYCGQ_2024 (identical to B_DELIM-VJKQSXVAURBUIDZWYCGQ_Peru_DELIM-VJKQSXVAURBUIDZWYCGQ_LIM-UPCH-4599_DELIM-VJKQSXVAURBUIDZWYCGQ_2024) is ignored but added at the end
NOTE: B_DELIM-VJKQSXVAURBUIDZWYCGQ_Peru_DELIM-VJKQSXVAURBUIDZWYCGQ_LIM-UPCH-4700_DELIM-VJKQSXVAURBUIDZWYCGQ_2024 (identical to B_DELIM-VJKQSXVAURBUIDZWYCGQ_Peru_DELIM-VJKQSXVAURBUIDZWYCGQ_LIM-UPCH-4722_DELIM-VJKQSXVAURBUIDZWYCGQ_2024) is ignored but added at the end
NOTE: B_DELIM-VJKQSXVAURBUIDZWYCGQ_Peru_DELIM-VJKQSXVAURBUIDZWYCGQ_LIM-UPCH-4716_DELIM-VJKQSXVAURBUIDZWYCGQ_2024 (identical to B_DELIM-VJKQSXVAURBUIDZWYCGQ_Peru_DELIM-VJKQSXVAURBUIDZWYCGQ_LIM-UPCH-4722_DELIM-VJKQSXVAURBUIDZWYCGQ_2024) is ignored but added at the end
NOTE: B_DELIM-VJKQSXVAURBUIDZWYCGQ_Peru_DELIM-VJKQSXVAURBUIDZWYCGQ_LIM-UPCH-4715_DELIM-VJKQSXVAURBUIDZWYCGQ_2024 (identical to B_DELIM-VJKQSXVAURBUIDZWYCGQ_Peru_DELIM-VJKQSXVAURBUIDZWYCGQ_LIM-UPCH-4722_DELIM-VJKQSXVAURBUIDZWYCGQ_2024) is ignored but added at the end
NOTE: B_DELIM-VJKQSXVAURBUIDZWYCGQ_Peru_DELIM-VJKQSXVAURBUIDZWYCGQ_LIM-UPCH-4697_DELIM-VJKQSXVAURBUIDZWYCGQ_2024 (identical to B_DELIM-VJKQSXVAURBUIDZWYCGQ_Peru_DELIM-VJKQSXVAURBUIDZWYCGQ_LIM-UPCH-4722_DELIM-VJKQSXVAURBUIDZWYCGQ_2024) is ignored but added at the end
Alignment was printed to output/build-lineages/align/B-Victoria_HA_alignment-delim.fasta.uniqueseq.phy

For your convenience alignment with unique sequences printed to output/build-lineages/align/B-Victoria_HA_alignment-delim.fasta.uniqueseq.phy

Create initial parsimony tree by phylogenetic likelihood library (PLL)... 0.007 seconds

NOTE: 0 MB RAM (0 GB) is required!
Measuring multi-threading efficiency up to 4 CPU cores
Increase to 10 rounds for branch lengths
275 trees examined
Threads: 1 / Time: 4.001 sec / Speedup: 1.000 / Efficiency: 100% / LogL: -9689
Threads: 2 / Time: 2.850 sec / Speedup: 1.404 / Efficiency: 70% / LogL: -9689
Threads: 3 / Time: 3.067 sec / Speedup: 1.305 / Efficiency: 43% / LogL: -9689
BEST NUMBER OF THREADS: 2

Estimate model parameters (epsilon = 0.500)
1. Initial log-likelihood: -5182.541
2. Current log-likelihood: -4966.461
3. Current log-likelihood: -4954.821
4. Current log-likelihood: -4953.574
5. Current log-likelihood: -4952.554
Optimal log-likelihood: -4952.341
Rate parameters:  A-C: 1.07928  A-G: 6.50901  A-T: 0.17845  C-G: 0.00010  C-T: 6.51135  G-T: 1.00000
Warning! Some parameters hit the boundaries
Base frequencies:  A: 0.337  C: 0.215  G: 0.214  T: 0.234
Parameters optimization took 5 rounds (0.115 sec)
Wrote distance file to... 
Computing ML distances based on estimated model parameters...
Calculating distance matrix: done in 0.0106375 secs using 164.6% CPU
Computing ML distances took 0.011226 sec (of wall-clock time) 0.018219 sec (of CPU time)
Setting up auxiliary I and S matrices: done in 0.000629833 secs using 147.3% CPU
Computing RapidNJ tree took 0.002198 sec (of wall-clock time) 0.002586 sec (of CPU time)
Log-likelihood of RapidNJ tree: -4959.476
--------------------------------------------------------------------
|             INITIALIZING CANDIDATE TREE SET                      |
--------------------------------------------------------------------

Do NNI search on 2 best initial trees
BETTER TREE FOUND at iteration 1: -4952.341
Estimate model parameters (epsilon = 0.500)
BETTER TREE FOUND at iteration 2: -4949.806
Finish initializing candidate tree set (4)
Current best tree score: -4949.806 / CPU time: 0.070
Number of iterations: 2
TREE SEARCH COMPLETED AFTER 2 ITERATIONS / Time: 0h:0m:10s

--------------------------------------------------------------------
|                    FINALIZING TREE SEARCH                        |
--------------------------------------------------------------------
Performs final model parameters optimization
Estimate model parameters (epsilon = 0.050)
1. Initial log-likelihood: -4949.806
2. Current log-likelihood: -4949.370
3. Current log-likelihood: -4948.869
4. Current log-likelihood: -4948.716
5. Current log-likelihood: -4948.623
6. Current log-likelihood: -4948.504
7. Current log-likelihood: -4948.436
8. Current log-likelihood: -4947.561
Optimal log-likelihood: -4947.527
Rate parameters:  A-C: 1.37161  A-G: 8.37573  A-T: 0.25986  C-G: 0.00010  C-T: 8.31374  G-T: 1.00000
Warning! Some parameters hit the boundaries
Base frequencies:  A: 0.337  C: 0.215  G: 0.214  T: 0.234
Parameters optimization took 8 rounds (0.156 sec)
BEST SCORE FOUND : -4947.527
Total tree length: 0.183

Total number of iterations: 2
CPU time used for tree search: 0.128 sec (0h:0m:0s)
Wall-clock time used for tree search: 0.071 sec (0h:0m:0s)
Total CPU time used: 18.776 sec (0h:0m:18s)
Total wall-clock time used: 10.357 sec (0h:0m:10s)

Analysis results written to: 
  IQ-TREE report:                output/build-lineages/align/B-Victoria_HA_alignment-delim.fasta.iqtree
  Maximum-likelihood tree:       output/build-lineages/align/B-Victoria_HA_alignment-delim.fasta.treefile
  Likelihood distances:          output/build-lineages/align/B-Victoria_HA_alignment-delim.fasta.mldist
  Screen log file:               output/build-lineages/align/B-Victoria_HA_alignment-delim.fasta.log

Date and Time: Thu Dec 19 21:38:48 2024
